/home/njorogekairu99/deployment_chamazetu/update_images.sh: line 4: docker-compose: command not found
/home/njorogekairu99/deployment_chamazetu/update_images.sh: line 7: docker-compose: command not found
/home/njorogekairu99/deployment_chamazetu/update_images.sh: line 8: docker-compose: command not found
/home/njorogekairu99/deployment_chamazetu/update_images.sh: line 9: docker-compose: command not found
/home/njorogekairu99/deployment_chamazetu/update_images.sh: line 10: docker-compose: command not found
Total reclaimed space: 0B
/home/njorogekairu99/deployment_chamazetu/update_images.sh: line 4: docker-compose: command not found
/home/njorogekairu99/deployment_chamazetu/update_images.sh: line 7: docker-compose: command not found
/home/njorogekairu99/deployment_chamazetu/update_images.sh: line 8: docker-compose: command not found
/home/njorogekairu99/deployment_chamazetu/update_images.sh: line 9: docker-compose: command not found
/home/njorogekairu99/deployment_chamazetu/update_images.sh: line 10: docker-compose: command not found
Total reclaimed space: 0B
/home/njorogekairu99/deployment_chamazetu/update_images.sh: line 4: docker-compose: command not found
/home/njorogekairu99/deployment_chamazetu/update_images.sh: line 7: docker-compose: command not found
/home/njorogekairu99/deployment_chamazetu/update_images.sh: line 8: docker-compose: command not found
/home/njorogekairu99/deployment_chamazetu/update_images.sh: line 9: docker-compose: command not found
/home/njorogekairu99/deployment_chamazetu/update_images.sh: line 10: docker-compose: command not found
Total reclaimed space: 0B
/home/njorogekairu99/deployment_chamazetu/update_images.sh: line 4: docker-compose: command not found
/home/njorogekairu99/deployment_chamazetu/update_images.sh: line 7: docker-compose: command not found
/home/njorogekairu99/deployment_chamazetu/update_images.sh: line 8: docker-compose: command not found
/home/njorogekairu99/deployment_chamazetu/update_images.sh: line 9: docker-compose: command not found
/home/njorogekairu99/deployment_chamazetu/update_images.sh: line 10: docker-compose: command not found
Total reclaimed space: 0B
/home/njorogekairu99/deployment_chamazetu/update_images.sh: line 4: docker-compose: command not found
/home/njorogekairu99/deployment_chamazetu/update_images.sh: line 7: docker-compose: command not found
/home/njorogekairu99/deployment_chamazetu/update_images.sh: line 8: docker-compose: command not found
/home/njorogekairu99/deployment_chamazetu/update_images.sh: line 9: docker-compose: command not found
/home/njorogekairu99/deployment_chamazetu/update_images.sh: line 10: docker-compose: command not found
Total reclaimed space: 0B
/home/njorogekairu99/deployment_chamazetu/update_images.sh: line 4: docker-compose: command not found
/home/njorogekairu99/deployment_chamazetu/update_images.sh: line 7: docker-compose: command not found
/home/njorogekairu99/deployment_chamazetu/update_images.sh: line 8: docker-compose: command not found
/home/njorogekairu99/deployment_chamazetu/update_images.sh: line 9: docker-compose: command not found
/home/njorogekairu99/deployment_chamazetu/update_images.sh: line 10: docker-compose: command not found
Total reclaimed space: 0B
/home/njorogekairu99/deployment_chamazetu/update_images.sh: line 4: docker-compose: command not found
/home/njorogekairu99/deployment_chamazetu/update_images.sh: line 7: docker-compose: command not found
/home/njorogekairu99/deployment_chamazetu/update_images.sh: line 8: docker-compose: command not found
/home/njorogekairu99/deployment_chamazetu/update_images.sh: line 9: docker-compose: command not found
/home/njorogekairu99/deployment_chamazetu/update_images.sh: line 10: docker-compose: command not found
Total reclaimed space: 0B
/home/njorogekairu99/deployment_chamazetu/update_images.sh: line 4: docker-compose: command not found
/home/njorogekairu99/deployment_chamazetu/update_images.sh: line 7: docker-compose: command not found
/home/njorogekairu99/deployment_chamazetu/update_images.sh: line 8: docker-compose: command not found
/home/njorogekairu99/deployment_chamazetu/update_images.sh: line 9: docker-compose: command not found
/home/njorogekairu99/deployment_chamazetu/update_images.sh: line 10: docker-compose: command not found
Total reclaimed space: 0B
/home/njorogekairu99/deployment_chamazetu/update_images.sh: line 4: docker-compose: command not found
/home/njorogekairu99/deployment_chamazetu/update_images.sh: line 7: docker-compose: command not found
/home/njorogekairu99/deployment_chamazetu/update_images.sh: line 8: docker-compose: command not found
/home/njorogekairu99/deployment_chamazetu/update_images.sh: line 9: docker-compose: command not found
/home/njorogekairu99/deployment_chamazetu/update_images.sh: line 10: docker-compose: command not found
Total reclaimed space: 0B
/home/njorogekairu99/deployment_chamazetu/update_images.sh: line 4: docker-compose: command not found
/home/njorogekairu99/deployment_chamazetu/update_images.sh: line 7: docker-compose: command not found
/home/njorogekairu99/deployment_chamazetu/update_images.sh: line 8: docker-compose: command not found
/home/njorogekairu99/deployment_chamazetu/update_images.sh: line 9: docker-compose: command not found
/home/njorogekairu99/deployment_chamazetu/update_images.sh: line 10: docker-compose: command not found
Total reclaimed space: 0B
/home/njorogekairu99/deployment_chamazetu/update_images.sh: line 4: docker-compose: command not found
/home/njorogekairu99/deployment_chamazetu/update_images.sh: line 7: docker-compose: command not found
/home/njorogekairu99/deployment_chamazetu/update_images.sh: line 8: docker-compose: command not found
/home/njorogekairu99/deployment_chamazetu/update_images.sh: line 9: docker-compose: command not found
/home/njorogekairu99/deployment_chamazetu/update_images.sh: line 10: docker-compose: command not found
Deleted Images:
untagged: ghcr.io/mankindjnr/chamazetu_backend@sha256:8194a155ef11c257587fbe394aabb7ab92fece30b2aca938d817595469a9e28c
deleted: sha256:363b7f8652f241eac3755c6dadd406cd22dc3384d70c5e929b5bea8024d19b83
deleted: sha256:355af9eb200622bd3a6d268e7099428c14cdae2642de2971fa5905b12dc4e5f5
untagged: ghcr.io/mankindjnr/chamazetu_backend@sha256:27b3ee381487f2046ae3d30c0887e91672b7a78113b9dedafc0a09adabe2b34d
deleted: sha256:2e1c804dad70555d832f2828dbc387161b39834f15d6b094b5cfd48e36d63d38
deleted: sha256:df41d08c40be9877261d7bac7a73b931827fdcad9e89455c722c9acd94943c35

Total reclaimed space: 332.6MB
/home/njorogekairu99/deployment_chamazetu/update_images.sh: line 4: docker-compose: command not found
/home/njorogekairu99/deployment_chamazetu/update_images.sh: line 7: docker-compose: command not found
/home/njorogekairu99/deployment_chamazetu/update_images.sh: line 8: docker-compose: command not found
/home/njorogekairu99/deployment_chamazetu/update_images.sh: line 9: docker-compose: command not found
/home/njorogekairu99/deployment_chamazetu/update_images.sh: line 10: docker-compose: command not found
Deleted Images:
untagged: ghcr.io/mankindjnr/chamazetu_backend@sha256:5aaf9403eac9754c2690b73b2bd7a8e60619d80837e5a598f811efd0cc1bdcb8
deleted: sha256:a9d76ba173ad7d4ee7bcab44d586aa036f5a9a1f1423aed85cb9b07502b1ea97
deleted: sha256:e0cd20bb4e5ddb6ccced2762179719920b90f2514a8b82ab579b0585e68cd02d
untagged: ghcr.io/mankindjnr/chamazetu_frontend@sha256:e9bae144ce1fa9cd4a4ee6f1e1bd79c9986bbc12fab94d8b690bbccec04527c8
deleted: sha256:34aa9d51439b01f4b1eacb517c98565e00b407a1a69af1a793a61359bea84c44
deleted: sha256:e61a365c91f4b055b467ce401c89f3643fb8424efefe55045b0bcb79076a9a7b
deleted: sha256:c48d3ecfcc2a2357e3231d7cc08a4e1ed727d3532703f535fc66cd2173453634
untagged: ghcr.io/mankindjnr/chamazetu_backend@sha256:b4b6919b87d3e96e84c3633c8b1fe33cc3b00627a1a811be33a44448ebdcc1b8
deleted: sha256:8e7123a772c03fc3a848b35f520d6a5b1ed2adf7c3504d1a43a8420800c003b8
deleted: sha256:9a44631987cbc623674af7ae60ae122c3a520c52b0842257cdabf3a20a06ac58
untagged: ghcr.io/mankindjnr/chamazetu_backend@sha256:2e4a65db489960b498614cfd57a3e6f7279e1391e8a82797347bcdd75f04d987
deleted: sha256:164508f837848ba0bb233ce12d7808b6795f4df83ad48c615b20759e637c022b
deleted: sha256:59bb3b3b8427c4f5fd1d7e8f0c11f91adaf1372de9c8e2f069731287723613e7

Total reclaimed space: 1.214GB
/home/njorogekairu99/deployment_chamazetu/update_images.sh: line 4: docker-compose: command not found
/home/njorogekairu99/deployment_chamazetu/update_images.sh: line 7: docker-compose: command not found
/home/njorogekairu99/deployment_chamazetu/update_images.sh: line 8: docker-compose: command not found
/home/njorogekairu99/deployment_chamazetu/update_images.sh: line 9: docker-compose: command not found
/home/njorogekairu99/deployment_chamazetu/update_images.sh: line 10: docker-compose: command not found
Deleted Images:
untagged: ghcr.io/mankindjnr/chamazetu_backend@sha256:0e99b6437ffa39a7d1bb6ce686fc9c137ed7334c4ef0967107dddb2a16954801
deleted: sha256:510a8911204c08faf78ea1d670d6b9a2045b242ef865adf8f9630e7cfc5bdc77
deleted: sha256:cf368aef9f5a332898109fa1c84e9a60b22b57779b166acf567db1d74e5db023
untagged: ghcr.io/mankindjnr/celery_beat_scheduler@sha256:8a7da87d4bebd863c5404f3aab9df2632de7ac2a7fdbc501a0062fa4ccca9c8b
untagged: ghcr.io/mankindjnr/celery_worker@sha256:8a7da87d4bebd863c5404f3aab9df2632de7ac2a7fdbc501a0062fa4ccca9c8b
untagged: ghcr.io/mankindjnr/chamazetu_frontend@sha256:8a7da87d4bebd863c5404f3aab9df2632de7ac2a7fdbc501a0062fa4ccca9c8b
deleted: sha256:8bf86e524ad51511f591e4318d3a6b206f857c09ae05b994bf7b5ba20623aef9
deleted: sha256:02ab9f28085245071aaac08cdc76b0f721d1d4294bf7b76ccc0c5211c5629524
deleted: sha256:84f8ad8040a7547fa8f256479ec4b3818b1f9cb2b7203c473fc10cf293509625
untagged: ghcr.io/mankindjnr/chamazetu_frontend@sha256:b95aa82519f1047aed708b4ccb443fb639cdde4e946034d842917f99b8c2a79b
deleted: sha256:7654dd2d1fed314710b33b622080d4eeac405791553c45184005e7ab51a73e95
deleted: sha256:a18fa863b91bef35c8cc6e729a60a3a770edacd719d19d8870b7dded2b1dc74b
deleted: sha256:a1aa2de85871a489a74700efeaa81bc241093a51e37c931d377d02be07916656

Total reclaimed space: 1.597GB
/home/njorogekairu99/deployment_chamazetu/update_images.sh: line 4: docker-compose: command not found
/home/njorogekairu99/deployment_chamazetu/update_images.sh: line 7: docker-compose: command not found
/home/njorogekairu99/deployment_chamazetu/update_images.sh: line 8: docker-compose: command not found
/home/njorogekairu99/deployment_chamazetu/update_images.sh: line 9: docker-compose: command not found
/home/njorogekairu99/deployment_chamazetu/update_images.sh: line 10: docker-compose: command not found
Total reclaimed space: 0B
/home/njorogekairu99/deployment_chamazetu/update_images.sh: line 4: docker-compose: command not found
/home/njorogekairu99/deployment_chamazetu/update_images.sh: line 7: docker-compose: command not found
/home/njorogekairu99/deployment_chamazetu/update_images.sh: line 8: docker-compose: command not found
/home/njorogekairu99/deployment_chamazetu/update_images.sh: line 9: docker-compose: command not found
/home/njorogekairu99/deployment_chamazetu/update_images.sh: line 10: docker-compose: command not found
Deleted Images:
untagged: ghcr.io/mankindjnr/chamazetu_backend@sha256:2541b8ef8584a3a04b8f1d880b0a0164e1c1dfd3409f28ac1727990905a2f40e
deleted: sha256:c0c22e4947676eb94db4ebb21f90ea74b92f4a9c80466fc383df2348dc89953b
deleted: sha256:4e45adaeb6eb46ec672ca25a29acac428c90c9a2f62ba15db0ebf7dac9628386

Total reclaimed space: 166.3MB
